<?xml version="1.0" encoding="UTF-8"?>
<!-- Generated by org.testng.reporters.JUnitReportReporter -->
<testsuite hostname="DESKTOP-A74UFH0" failures="0" tests="1" name="TestRunner" time="7.538" errors="0" timestamp="2023-03-23T11:08:43 EDT" skipped="0">
  <testcase classname="TestRunner" name="runScenario" time="7.538"/>
  <system-out/>
</testsuite> <!-- TestRunner -->
