<?xml version="1.0" encoding="UTF-8"?>
<!-- Generated by org.testng.reporters.JUnitReportReporter -->
<testsuite hostname="DESKTOP-A74UFH0" failures="0" tests="1" name="TestRunner" time="8.646" errors="0" timestamp="2023-03-23T11:17:45 EDT" skipped="0">
  <testcase classname="TestRunner" name="runScenario" time="8.646"/>
  <system-out/>
</testsuite> <!-- TestRunner -->
